0 info it worked if it ends with ok
1 verbose cli [ '/usr/local/bin/node',
1 verbose cli   '/usr/local/bin/npm',
1 verbose cli   'install',
1 verbose cli   '-g',
1 verbose cli   'react-native-cli' ]
2 info using npm@2.15.9
3 info using node@v4.5.0
4 verbose install initial load of /usr/local/lib/package.json
5 verbose readDependencies loading dependencies from /usr/local/lib/package.json
6 silly cache add args [ 'react-native-cli', null ]
7 verbose cache add spec react-native-cli
8 silly cache add parsed spec Result {
8 silly cache add   raw: 'react-native-cli',
8 silly cache add   scope: null,
8 silly cache add   name: 'react-native-cli',
8 silly cache add   rawSpec: '',
8 silly cache add   spec: 'latest',
8 silly cache add   type: 'tag' }
9 silly addNamed react-native-cli@latest
10 verbose addNamed "latest" is being treated as a dist-tag for react-native-cli
11 info addNameTag [ 'react-native-cli', 'latest' ]
12 silly mapToRegistry name react-native-cli
13 silly mapToRegistry using default registry
14 silly mapToRegistry registry https://registry.npmjs.org/
15 silly mapToRegistry data Result {
15 silly mapToRegistry   raw: 'react-native-cli',
15 silly mapToRegistry   scope: null,
15 silly mapToRegistry   name: 'react-native-cli',
15 silly mapToRegistry   rawSpec: '',
15 silly mapToRegistry   spec: 'latest',
15 silly mapToRegistry   type: 'tag' }
16 silly mapToRegistry uri https://registry.npmjs.org/react-native-cli
17 verbose addNameTag registry:https://registry.npmjs.org/react-native-cli not in flight; fetching
18 verbose request uri https://registry.npmjs.org/react-native-cli
19 verbose request no auth needed
20 info attempt registry request try #1 at 10:12:27
21 verbose request id e203bd33ba0d524e
22 http request GET https://registry.npmjs.org/react-native-cli
23 http 200 https://registry.npmjs.org/react-native-cli
24 verbose headers { server: 'CouchDB/1.5.0 (Erlang OTP/R16B03)',
24 verbose headers   etag: '"41Y0JK5PFFUSX50YU9PLRVCY4"',
24 verbose headers   'content-type': 'application/json',
24 verbose headers   'content-encoding': 'gzip',
24 verbose headers   'cache-control': 'max-age=300',
24 verbose headers   'content-length': '4600',
24 verbose headers   'accept-ranges': 'bytes',
24 verbose headers   date: 'Mon, 26 Sep 2016 02:12:27 GMT',
24 verbose headers   via: '1.1 varnish',
24 verbose headers   age: '34',
24 verbose headers   connection: 'keep-alive',
24 verbose headers   'x-served-by': 'cache-itm7426-ITM',
24 verbose headers   'x-cache': 'HIT',
24 verbose headers   'x-cache-hits': '1',
24 verbose headers   'x-timer': 'S1474855947.622131,VS0,VE0',
24 verbose headers   vary: 'Accept-Encoding' }
25 silly get cb [ 200,
25 silly get   { server: 'CouchDB/1.5.0 (Erlang OTP/R16B03)',
25 silly get     etag: '"41Y0JK5PFFUSX50YU9PLRVCY4"',
25 silly get     'content-type': 'application/json',
25 silly get     'content-encoding': 'gzip',
25 silly get     'cache-control': 'max-age=300',
25 silly get     'content-length': '4600',
25 silly get     'accept-ranges': 'bytes',
25 silly get     date: 'Mon, 26 Sep 2016 02:12:27 GMT',
25 silly get     via: '1.1 varnish',
25 silly get     age: '34',
25 silly get     connection: 'keep-alive',
25 silly get     'x-served-by': 'cache-itm7426-ITM',
25 silly get     'x-cache': 'HIT',
25 silly get     'x-cache-hits': '1',
25 silly get     'x-timer': 'S1474855947.622131,VS0,VE0',
25 silly get     vary: 'Accept-Encoding' } ]
26 verbose get saving react-native-cli to /Users/apple-t/.npm/registry.npmjs.org/react-native-cli/.cache.json
27 verbose correctMkdir /Users/apple-t/.npm correctMkdir not in flight; initializing
28 verbose makeDirectory /Users/apple-t/.npm creation not in flight; initializing
29 silly makeDirectory /Users/apple-t/.npm uid: 501 gid: 20
30 silly addNameTag next cb for react-native-cli with tag latest
31 silly addNamed react-native-cli@1.0.0
32 verbose addNamed "1.0.0" is a plain semver version for react-native-cli
33 silly mapToRegistry name react-native-cli
34 silly mapToRegistry using default registry
35 silly mapToRegistry registry https://registry.npmjs.org/
36 silly mapToRegistry data Result {
36 silly mapToRegistry   raw: 'react-native-cli',
36 silly mapToRegistry   scope: null,
36 silly mapToRegistry   name: 'react-native-cli',
36 silly mapToRegistry   rawSpec: '',
36 silly mapToRegistry   spec: 'latest',
36 silly mapToRegistry   type: 'tag' }
37 silly mapToRegistry uri https://registry.npmjs.org/react-native-cli
38 verbose addRemoteTarball https://registry.npmjs.org/react-native-cli/-/react-native-cli-1.0.0.tgz not in flight; adding
39 verbose addRemoteTarball [ 'https://registry.npmjs.org/react-native-cli/-/react-native-cli-1.0.0.tgz',
39 verbose addRemoteTarball   '112d56c18b7324969d21282a240e3de8903aa963' ]
40 info retry fetch attempt 1 at 10:12:27
41 info attempt registry request try #1 at 10:12:27
42 http fetch GET https://registry.npmjs.org/react-native-cli/-/react-native-cli-1.0.0.tgz
43 http fetch 200 https://registry.npmjs.org/react-native-cli/-/react-native-cli-1.0.0.tgz
44 silly fetchAndShaCheck shasum 112d56c18b7324969d21282a240e3de8903aa963
45 verbose addTmpTarball /var/folders/yx/gylj_2ys24ndtkzdtrs5wmhr0000gn/T/npm-1939-50797b30/registry.npmjs.org/react-native-cli/-/react-native-cli-1.0.0.tgz not in flight; adding
46 verbose addTmpTarball already have metadata; skipping unpack for react-native-cli@1.0.0
47 verbose correctMkdir /Users/apple-t/.npm correctMkdir not in flight; initializing
48 silly cache afterAdd react-native-cli@1.0.0
49 verbose afterAdd /Users/apple-t/.npm/react-native-cli/1.0.0/package/package.json not in flight; writing
50 verbose correctMkdir /Users/apple-t/.npm correctMkdir not in flight; initializing
51 verbose afterAdd /Users/apple-t/.npm/react-native-cli/1.0.0/package/package.json written
52 silly install resolved [ { name: 'react-native-cli',
52 silly install resolved     version: '1.0.0',
52 silly install resolved     license: 'BSD-3-Clause',
52 silly install resolved     description: 'The React Native CLI tools',
52 silly install resolved     main: 'index.js',
52 silly install resolved     engines: { node: '>=4' },
52 silly install resolved     repository:
52 silly install resolved      { type: 'git',
52 silly install resolved        url: 'git+https://github.com/facebook/react-native.git' },
52 silly install resolved     scripts: { test: 'mocha' },
52 silly install resolved     bin: { 'react-native': 'index.js' },
52 silly install resolved     dependencies:
52 silly install resolved      { chalk: '^1.1.1',
52 silly install resolved        minimist: '^1.2.0',
52 silly install resolved        prompt: '^0.2.14',
52 silly install resolved        semver: '^5.0.3' },
52 silly install resolved     bugs: { url: 'https://github.com/facebook/react-native/issues' },
52 silly install resolved     homepage: 'https://github.com/facebook/react-native#readme',
52 silly install resolved     _id: 'react-native-cli@1.0.0',
52 silly install resolved     _shasum: '112d56c18b7324969d21282a240e3de8903aa963',
52 silly install resolved     _from: 'react-native-cli@latest',
52 silly install resolved     _npmVersion: '2.15.5',
52 silly install resolved     _nodeVersion: '4.4.5',
52 silly install resolved     _npmUser: { name: 'bestander', email: 'bestander@gmail.com' },
52 silly install resolved     dist:
52 silly install resolved      { shasum: '112d56c18b7324969d21282a240e3de8903aa963',
52 silly install resolved        tarball: 'https://registry.npmjs.org/react-native-cli/-/react-native-cli-1.0.0.tgz' },
52 silly install resolved     maintainers:
52 silly install resolved      [ [Object],
52 silly install resolved        [Object],
52 silly install resolved        [Object],
52 silly install resolved        [Object],
52 silly install resolved        [Object],
52 silly install resolved        [Object],
52 silly install resolved        [Object] ],
52 silly install resolved     _npmOperationalInternal:
52 silly install resolved      { host: 'packages-16-east.internal.npmjs.com',
52 silly install resolved        tmp: 'tmp/react-native-cli-1.0.0.tgz_1464957130165_0.2410504559520632' },
52 silly install resolved     directories: {},
52 silly install resolved     _resolved: 'https://registry.npmjs.org/react-native-cli/-/react-native-cli-1.0.0.tgz' } ]
53 info install react-native-cli@1.0.0 into /usr/local/lib
54 info installOne react-native-cli@1.0.0
55 verbose installOne of react-native-cli to /usr/local/lib not in flight; installing
56 verbose correctMkdir /Users/apple-t/.npm/_locks correctMkdir not in flight; initializing
57 verbose makeDirectory /Users/apple-t/.npm/_locks creation not in flight; initializing
58 silly makeDirectory /Users/apple-t/.npm/_locks uid: 501 gid: 20
59 verbose lock using /Users/apple-t/.npm/_locks/react-native-cli-a444c604a39e8d3e.lock for /usr/local/lib/node_modules/react-native-cli
60 silly install write writing react-native-cli 1.0.0 to /usr/local/lib/node_modules/react-native-cli
61 verbose unbuild lib/node_modules/react-native-cli
62 silly gentlyRm /usr/local/lib/node_modules/react-native-cli is being purged from base /usr/local
63 verbose gentlyRm don't care about contents; nuking /usr/local/lib/node_modules/react-native-cli
64 verbose tar unpack /Users/apple-t/.npm/react-native-cli/1.0.0/package.tgz
65 verbose tar unpacking to /usr/local/lib/node_modules/react-native-cli
66 silly gentlyRm /usr/local/lib/node_modules/react-native-cli is being purged
67 verbose gentlyRm don't care about contents; nuking /usr/local/lib/node_modules/react-native-cli
68 silly gunzTarPerm modes [ '755', '644' ]
69 error tar.unpack untar error /Users/apple-t/.npm/react-native-cli/1.0.0/package.tgz
70 verbose unlock done using /Users/apple-t/.npm/_locks/react-native-cli-a444c604a39e8d3e.lock for /usr/local/lib/node_modules/react-native-cli
71 verbose fstream_path /usr/local/lib/node_modules/react-native-cli
72 verbose fstream_type Directory
73 verbose fstream_class DirWriter
74 verbose stack Error: EACCES: permission denied, mkdir '/usr/local/lib/node_modules/react-native-cli'
74 verbose stack     at Error (native)
75 verbose fstream_stack /usr/local/lib/node_modules/npm/node_modules/fstream/lib/dir-writer.js:35:25
75 verbose fstream_stack /usr/local/lib/node_modules/npm/node_modules/mkdirp/index.js:47:53
75 verbose fstream_stack FSReqWrap.oncomplete (fs.js:82:15)
76 verbose cwd /Users/apple-t/Desktop/Project/My Project/Bilibili/Bilibili
77 error Darwin 14.5.0
78 error argv "/usr/local/bin/node" "/usr/local/bin/npm" "install" "-g" "react-native-cli"
79 error node v4.5.0
80 error npm  v2.15.9
81 error path /usr/local/lib/node_modules/react-native-cli
82 error code EACCES
83 error errno -13
84 error syscall mkdir
85 error Error: EACCES: permission denied, mkdir '/usr/local/lib/node_modules/react-native-cli'
85 error     at Error (native)
85 error  { [Error: EACCES: permission denied, mkdir '/usr/local/lib/node_modules/react-native-cli']
85 error   errno: -13,
85 error   code: 'EACCES',
85 error   syscall: 'mkdir',
85 error   path: '/usr/local/lib/node_modules/react-native-cli',
85 error   fstream_type: 'Directory',
85 error   fstream_path: '/usr/local/lib/node_modules/react-native-cli',
85 error   fstream_class: 'DirWriter',
85 error   fstream_stack:
85 error    [ '/usr/local/lib/node_modules/npm/node_modules/fstream/lib/dir-writer.js:35:25',
85 error      '/usr/local/lib/node_modules/npm/node_modules/mkdirp/index.js:47:53',
85 error      'FSReqWrap.oncomplete (fs.js:82:15)' ] }
86 error Please try running this command again as root/Administrator.
87 verbose exit [ -13, true ]
88 verbose unbuild lib/node_modules/react-native-cli
89 silly gentlyRm /usr/local/lib/node_modules/react-native-cli is being purged from base /usr/local
90 verbose gentlyRm don't care about contents; nuking /usr/local/lib/node_modules/react-native-cli
